2021-10-29 19:09:05,342 INFO 19438 [egg-schedule]: register schedule /Users/lee/code/egg-ts/node_modules/egg-multipart/app/schedule/clean_tmpdir.js
2021-10-29 19:09:05,342 INFO 19438 [egg-schedule]: register schedule /Users/lee/code/egg-ts/node_modules/egg-logrotator/app/schedule/clean_log.js
2021-10-29 19:09:05,342 INFO 19438 [egg-schedule]: register schedule /Users/lee/code/egg-ts/node_modules/egg-logrotator/app/schedule/rotate_by_file.js
2021-10-29 19:09:06,708 INFO 19435 [Timer] /Users/lee/code/egg-ts/node_modules/egg-multipart/app/schedule/clean_tmpdir.js next time will execute after 33653293ms at 2021-10-30 04:30:00.001
2021-10-29 19:09:06,708 INFO 19435 [Timer] /Users/lee/code/egg-ts/node_modules/egg-logrotator/app/schedule/clean_log.js next time will execute after 17453292ms at 2021-10-30 00:00:00.000
2021-10-29 19:09:06,709 INFO 19435 [Timer] /Users/lee/code/egg-ts/node_modules/egg-logrotator/app/schedule/rotate_by_file.js next time will execute after 17454291ms at 2021-10-30 00:00:01.000
2021-11-01 11:27:13,544 INFO 1945 [egg-schedule]: register schedule /Users/lee/code/egg-ts/node_modules/egg-multipart/app/schedule/clean_tmpdir.js
2021-11-01 11:27:13,544 INFO 1945 [egg-schedule]: register schedule /Users/lee/code/egg-ts/node_modules/egg-logrotator/app/schedule/clean_log.js
2021-11-01 11:27:13,544 INFO 1945 [egg-schedule]: register schedule /Users/lee/code/egg-ts/node_modules/egg-logrotator/app/schedule/rotate_by_file.js
2021-11-01 11:27:15,224 INFO 1940 [Timer] /Users/lee/code/egg-ts/node_modules/egg-multipart/app/schedule/clean_tmpdir.js next time will execute after 61364778ms at 2021-11-02 04:30:00.002
2021-11-01 11:27:15,224 INFO 1940 [Timer] /Users/lee/code/egg-ts/node_modules/egg-logrotator/app/schedule/clean_log.js next time will execute after 45164776ms at 2021-11-02 00:00:00.000
2021-11-01 11:27:15,224 INFO 1940 [Timer] /Users/lee/code/egg-ts/node_modules/egg-logrotator/app/schedule/rotate_by_file.js next time will execute after 45165776ms at 2021-11-02 00:00:01.000
2021-11-01 11:36:04,792 INFO 2011 [egg-schedule]: register schedule /Users/lee/code/egg-ts/node_modules/egg-multipart/app/schedule/clean_tmpdir.js
2021-11-01 11:36:04,792 INFO 2011 [egg-schedule]: register schedule /Users/lee/code/egg-ts/node_modules/egg-logrotator/app/schedule/clean_log.js
2021-11-01 11:36:04,792 INFO 2011 [egg-schedule]: register schedule /Users/lee/code/egg-ts/node_modules/egg-logrotator/app/schedule/rotate_by_file.js
2021-11-01 11:45:15,428 INFO 2203 [egg-schedule]: register schedule /Users/lee/code/egg-ts/node_modules/egg-multipart/app/schedule/clean_tmpdir.js
2021-11-01 11:45:15,428 INFO 2203 [egg-schedule]: register schedule /Users/lee/code/egg-ts/node_modules/egg-logrotator/app/schedule/clean_log.js
2021-11-01 11:45:15,428 INFO 2203 [egg-schedule]: register schedule /Users/lee/code/egg-ts/node_modules/egg-logrotator/app/schedule/rotate_by_file.js
2021-11-01 11:46:26,332 INFO 2215 [egg-schedule]: register schedule /Users/lee/code/egg-ts/node_modules/egg-multipart/app/schedule/clean_tmpdir.js
2021-11-01 11:46:26,332 INFO 2215 [egg-schedule]: register schedule /Users/lee/code/egg-ts/node_modules/egg-logrotator/app/schedule/clean_log.js
2021-11-01 11:46:26,332 INFO 2215 [egg-schedule]: register schedule /Users/lee/code/egg-ts/node_modules/egg-logrotator/app/schedule/rotate_by_file.js
2021-11-01 11:46:28,641 INFO 2218 [egg-schedule]: register schedule /Users/lee/code/egg-ts/node_modules/egg-multipart/app/schedule/clean_tmpdir.js
2021-11-01 11:46:28,641 INFO 2218 [egg-schedule]: register schedule /Users/lee/code/egg-ts/node_modules/egg-logrotator/app/schedule/clean_log.js
2021-11-01 11:46:28,641 INFO 2218 [egg-schedule]: register schedule /Users/lee/code/egg-ts/node_modules/egg-logrotator/app/schedule/rotate_by_file.js
2021-11-01 11:46:28,778 INFO 2219 [egg-schedule]: register schedule /Users/lee/code/egg-ts/node_modules/egg-multipart/app/schedule/clean_tmpdir.js
2021-11-01 11:46:28,778 INFO 2219 [egg-schedule]: register schedule /Users/lee/code/egg-ts/node_modules/egg-logrotator/app/schedule/clean_log.js
2021-11-01 11:46:28,778 INFO 2219 [egg-schedule]: register schedule /Users/lee/code/egg-ts/node_modules/egg-logrotator/app/schedule/rotate_by_file.js
2021-11-01 11:47:17,852 INFO 2232 [egg-schedule]: register schedule /Users/lee/code/egg-ts/node_modules/egg-multipart/app/schedule/clean_tmpdir.js
2021-11-01 11:47:17,852 INFO 2232 [egg-schedule]: register schedule /Users/lee/code/egg-ts/node_modules/egg-logrotator/app/schedule/clean_log.js
2021-11-01 11:47:17,852 INFO 2232 [egg-schedule]: register schedule /Users/lee/code/egg-ts/node_modules/egg-logrotator/app/schedule/rotate_by_file.js
2021-11-01 11:47:21,985 INFO 2240 [egg-schedule]: register schedule /Users/lee/code/egg-ts/node_modules/egg-multipart/app/schedule/clean_tmpdir.js
2021-11-01 11:47:21,985 INFO 2240 [egg-schedule]: register schedule /Users/lee/code/egg-ts/node_modules/egg-logrotator/app/schedule/clean_log.js
2021-11-01 11:47:21,985 INFO 2240 [egg-schedule]: register schedule /Users/lee/code/egg-ts/node_modules/egg-logrotator/app/schedule/rotate_by_file.js
2021-11-01 11:47:24,223 INFO 2243 [egg-schedule]: register schedule /Users/lee/code/egg-ts/node_modules/egg-multipart/app/schedule/clean_tmpdir.js
2021-11-01 11:47:24,223 INFO 2243 [egg-schedule]: register schedule /Users/lee/code/egg-ts/node_modules/egg-logrotator/app/schedule/clean_log.js
2021-11-01 11:47:24,223 INFO 2243 [egg-schedule]: register schedule /Users/lee/code/egg-ts/node_modules/egg-logrotator/app/schedule/rotate_by_file.js
2021-11-01 11:48:02,599 INFO 2251 [egg-schedule]: register schedule /Users/lee/code/egg-ts/node_modules/egg-multipart/app/schedule/clean_tmpdir.js
2021-11-01 11:48:02,599 INFO 2251 [egg-schedule]: register schedule /Users/lee/code/egg-ts/node_modules/egg-logrotator/app/schedule/clean_log.js
2021-11-01 11:48:02,599 INFO 2251 [egg-schedule]: register schedule /Users/lee/code/egg-ts/node_modules/egg-logrotator/app/schedule/rotate_by_file.js
2021-11-01 11:48:17,973 INFO 2273 [Timer] /Users/lee/code/egg-ts/node_modules/egg-multipart/app/schedule/clean_tmpdir.js next time will execute after 60102028ms at 2021-11-02 04:30:00.001
2021-11-01 11:48:17,973 INFO 2273 [Timer] /Users/lee/code/egg-ts/node_modules/egg-logrotator/app/schedule/clean_log.js next time will execute after 43902027ms at 2021-11-02 00:00:00.000
2021-11-01 11:48:17,974 INFO 2273 [Timer] /Users/lee/code/egg-ts/node_modules/egg-logrotator/app/schedule/rotate_by_file.js next time will execute after 43903027ms at 2021-11-02 00:00:01.001
2021-11-01 11:48:17,897 INFO 2275 [egg-schedule]: register schedule /Users/lee/code/egg-ts/node_modules/egg-multipart/app/schedule/clean_tmpdir.js
2021-11-01 11:48:17,897 INFO 2275 [egg-schedule]: register schedule /Users/lee/code/egg-ts/node_modules/egg-logrotator/app/schedule/clean_log.js
2021-11-01 11:48:17,897 INFO 2275 [egg-schedule]: register schedule /Users/lee/code/egg-ts/node_modules/egg-logrotator/app/schedule/rotate_by_file.js
2021-11-01 11:48:52,794 INFO 2284 [egg-schedule]: register schedule /Users/lee/code/egg-ts/node_modules/egg-multipart/app/schedule/clean_tmpdir.js
2021-11-01 11:48:52,794 INFO 2284 [egg-schedule]: register schedule /Users/lee/code/egg-ts/node_modules/egg-logrotator/app/schedule/clean_log.js
2021-11-01 11:48:52,794 INFO 2284 [egg-schedule]: register schedule /Users/lee/code/egg-ts/node_modules/egg-logrotator/app/schedule/rotate_by_file.js
2021-11-01 11:49:22,733 INFO 2292 [egg-schedule]: register schedule /Users/lee/code/egg-ts/node_modules/egg-multipart/app/schedule/clean_tmpdir.js
2021-11-01 11:49:22,733 INFO 2292 [egg-schedule]: register schedule /Users/lee/code/egg-ts/node_modules/egg-logrotator/app/schedule/clean_log.js
2021-11-01 11:49:22,733 INFO 2292 [egg-schedule]: register schedule /Users/lee/code/egg-ts/node_modules/egg-logrotator/app/schedule/rotate_by_file.js
2021-11-01 11:49:42,639 INFO 2298 [egg-schedule]: register schedule /Users/lee/code/egg-ts/node_modules/egg-multipart/app/schedule/clean_tmpdir.js
2021-11-01 11:49:42,639 INFO 2298 [egg-schedule]: register schedule /Users/lee/code/egg-ts/node_modules/egg-logrotator/app/schedule/clean_log.js
2021-11-01 11:49:42,639 INFO 2298 [egg-schedule]: register schedule /Users/lee/code/egg-ts/node_modules/egg-logrotator/app/schedule/rotate_by_file.js
2021-11-01 11:50:04,533 INFO 2308 [egg-schedule]: register schedule /Users/lee/code/egg-ts/node_modules/egg-multipart/app/schedule/clean_tmpdir.js
2021-11-01 11:50:04,533 INFO 2308 [egg-schedule]: register schedule /Users/lee/code/egg-ts/node_modules/egg-logrotator/app/schedule/clean_log.js
2021-11-01 11:50:04,533 INFO 2308 [egg-schedule]: register schedule /Users/lee/code/egg-ts/node_modules/egg-logrotator/app/schedule/rotate_by_file.js
2021-11-01 11:50:13,953 INFO 2313 [egg-schedule]: register schedule /Users/lee/code/egg-ts/node_modules/egg-multipart/app/schedule/clean_tmpdir.js
2021-11-01 11:50:13,953 INFO 2313 [egg-schedule]: register schedule /Users/lee/code/egg-ts/node_modules/egg-logrotator/app/schedule/clean_log.js
2021-11-01 11:50:13,953 INFO 2313 [egg-schedule]: register schedule /Users/lee/code/egg-ts/node_modules/egg-logrotator/app/schedule/rotate_by_file.js
2021-11-01 11:50:29,531 INFO 2318 [egg-schedule]: register schedule /Users/lee/code/egg-ts/node_modules/egg-multipart/app/schedule/clean_tmpdir.js
2021-11-01 11:50:29,531 INFO 2318 [egg-schedule]: register schedule /Users/lee/code/egg-ts/node_modules/egg-logrotator/app/schedule/clean_log.js
2021-11-01 11:50:29,531 INFO 2318 [egg-schedule]: register schedule /Users/lee/code/egg-ts/node_modules/egg-logrotator/app/schedule/rotate_by_file.js
2021-11-01 11:51:48,282 INFO 2323 [egg-schedule]: register schedule /Users/lee/code/egg-ts/node_modules/egg-multipart/app/schedule/clean_tmpdir.js
2021-11-01 11:51:48,282 INFO 2323 [egg-schedule]: register schedule /Users/lee/code/egg-ts/node_modules/egg-logrotator/app/schedule/clean_log.js
2021-11-01 11:51:48,282 INFO 2323 [egg-schedule]: register schedule /Users/lee/code/egg-ts/node_modules/egg-logrotator/app/schedule/rotate_by_file.js
2021-11-02 23:02:27,557 INFO 15839 [egg-schedule]: register schedule /Users/lee/code/egg-ts/node_modules/egg-multipart/app/schedule/clean_tmpdir.js
2021-11-02 23:02:27,557 INFO 15839 [egg-schedule]: register schedule /Users/lee/code/egg-ts/node_modules/egg-logrotator/app/schedule/clean_log.js
2021-11-02 23:02:27,557 INFO 15839 [egg-schedule]: register schedule /Users/lee/code/egg-ts/node_modules/egg-logrotator/app/schedule/rotate_by_file.js
2021-11-02 23:02:29,284 INFO 15836 [Timer] /Users/lee/code/egg-ts/node_modules/egg-multipart/app/schedule/clean_tmpdir.js next time will execute after 19650718ms at 2021-11-03 04:30:00.002
2021-11-02 23:02:29,284 INFO 15836 [Timer] /Users/lee/code/egg-ts/node_modules/egg-logrotator/app/schedule/clean_log.js next time will execute after 3450716ms at 2021-11-03 00:00:00.000
2021-11-02 23:02:29,284 INFO 15836 [Timer] /Users/lee/code/egg-ts/node_modules/egg-logrotator/app/schedule/rotate_by_file.js next time will execute after 3451716ms at 2021-11-03 00:00:01.000
2021-11-02 23:05:17,445 INFO 15890 [egg-schedule]: register schedule /Users/lee/code/egg-ts/node_modules/egg-multipart/app/schedule/clean_tmpdir.js
2021-11-02 23:05:17,445 INFO 15890 [egg-schedule]: register schedule /Users/lee/code/egg-ts/node_modules/egg-logrotator/app/schedule/clean_log.js
2021-11-02 23:05:17,445 INFO 15890 [egg-schedule]: register schedule /Users/lee/code/egg-ts/node_modules/egg-logrotator/app/schedule/rotate_by_file.js
2021-11-02 23:05:47,358 INFO 15918 [egg-schedule]: register schedule /Users/lee/code/egg-ts/node_modules/egg-multipart/app/schedule/clean_tmpdir.js
2021-11-02 23:05:47,358 INFO 15918 [egg-schedule]: register schedule /Users/lee/code/egg-ts/node_modules/egg-logrotator/app/schedule/clean_log.js
2021-11-02 23:05:47,358 INFO 15918 [egg-schedule]: register schedule /Users/lee/code/egg-ts/node_modules/egg-logrotator/app/schedule/rotate_by_file.js
2021-11-02 23:06:47,150 INFO 15939 [egg-schedule]: register schedule /Users/lee/code/egg-ts/node_modules/egg-multipart/app/schedule/clean_tmpdir.js
2021-11-02 23:06:47,150 INFO 15939 [egg-schedule]: register schedule /Users/lee/code/egg-ts/node_modules/egg-logrotator/app/schedule/clean_log.js
2021-11-02 23:06:47,150 INFO 15939 [egg-schedule]: register schedule /Users/lee/code/egg-ts/node_modules/egg-logrotator/app/schedule/rotate_by_file.js
2021-11-02 23:07:05,448 INFO 15963 [egg-schedule]: register schedule /Users/lee/code/egg-ts/node_modules/egg-multipart/app/schedule/clean_tmpdir.js
2021-11-02 23:07:05,448 INFO 15963 [egg-schedule]: register schedule /Users/lee/code/egg-ts/node_modules/egg-logrotator/app/schedule/clean_log.js
2021-11-02 23:07:05,448 INFO 15963 [egg-schedule]: register schedule /Users/lee/code/egg-ts/node_modules/egg-logrotator/app/schedule/rotate_by_file.js
2021-11-02 23:08:03,038 INFO 15986 [egg-schedule]: register schedule /Users/lee/code/egg-ts/node_modules/egg-multipart/app/schedule/clean_tmpdir.js
2021-11-02 23:08:03,038 INFO 15986 [egg-schedule]: register schedule /Users/lee/code/egg-ts/node_modules/egg-logrotator/app/schedule/clean_log.js
2021-11-02 23:08:03,038 INFO 15986 [egg-schedule]: register schedule /Users/lee/code/egg-ts/node_modules/egg-logrotator/app/schedule/rotate_by_file.js
2021-11-02 23:08:20,846 INFO 16012 [egg-schedule]: register schedule /Users/lee/code/egg-ts/node_modules/egg-multipart/app/schedule/clean_tmpdir.js
2021-11-02 23:08:20,846 INFO 16012 [egg-schedule]: register schedule /Users/lee/code/egg-ts/node_modules/egg-logrotator/app/schedule/clean_log.js
2021-11-02 23:08:20,846 INFO 16012 [egg-schedule]: register schedule /Users/lee/code/egg-ts/node_modules/egg-logrotator/app/schedule/rotate_by_file.js
2021-11-02 23:08:24,201 INFO 16022 [egg-schedule]: register schedule /Users/lee/code/egg-ts/node_modules/egg-multipart/app/schedule/clean_tmpdir.js
2021-11-02 23:08:24,201 INFO 16022 [egg-schedule]: register schedule /Users/lee/code/egg-ts/node_modules/egg-logrotator/app/schedule/clean_log.js
2021-11-02 23:08:24,201 INFO 16022 [egg-schedule]: register schedule /Users/lee/code/egg-ts/node_modules/egg-logrotator/app/schedule/rotate_by_file.js
2021-11-02 23:08:27,739 INFO 16038 [egg-schedule]: register schedule /Users/lee/code/egg-ts/node_modules/egg-multipart/app/schedule/clean_tmpdir.js
2021-11-02 23:08:27,740 INFO 16038 [egg-schedule]: register schedule /Users/lee/code/egg-ts/node_modules/egg-logrotator/app/schedule/clean_log.js
2021-11-02 23:08:27,740 INFO 16038 [egg-schedule]: register schedule /Users/lee/code/egg-ts/node_modules/egg-logrotator/app/schedule/rotate_by_file.js
2021-11-02 23:09:00,492 INFO 16065 [egg-schedule]: register schedule /Users/lee/code/egg-ts/node_modules/egg-multipart/app/schedule/clean_tmpdir.js
2021-11-02 23:09:00,492 INFO 16065 [egg-schedule]: register schedule /Users/lee/code/egg-ts/node_modules/egg-logrotator/app/schedule/clean_log.js
2021-11-02 23:09:00,492 INFO 16065 [egg-schedule]: register schedule /Users/lee/code/egg-ts/node_modules/egg-logrotator/app/schedule/rotate_by_file.js
2021-11-02 23:09:22,440 INFO 16080 [egg-schedule]: register schedule /Users/lee/code/egg-ts/node_modules/egg-multipart/app/schedule/clean_tmpdir.js
2021-11-02 23:09:22,440 INFO 16080 [egg-schedule]: register schedule /Users/lee/code/egg-ts/node_modules/egg-logrotator/app/schedule/clean_log.js
2021-11-02 23:09:22,440 INFO 16080 [egg-schedule]: register schedule /Users/lee/code/egg-ts/node_modules/egg-logrotator/app/schedule/rotate_by_file.js
2021-11-02 23:09:52,283 INFO 16107 [egg-schedule]: register schedule /Users/lee/code/egg-ts/node_modules/egg-multipart/app/schedule/clean_tmpdir.js
2021-11-02 23:09:52,283 INFO 16107 [egg-schedule]: register schedule /Users/lee/code/egg-ts/node_modules/egg-logrotator/app/schedule/clean_log.js
2021-11-02 23:09:52,283 INFO 16107 [egg-schedule]: register schedule /Users/lee/code/egg-ts/node_modules/egg-logrotator/app/schedule/rotate_by_file.js
2021-11-02 23:10:02,218 INFO 16123 [egg-schedule]: register schedule /Users/lee/code/egg-ts/node_modules/egg-multipart/app/schedule/clean_tmpdir.js
2021-11-02 23:10:02,218 INFO 16123 [egg-schedule]: register schedule /Users/lee/code/egg-ts/node_modules/egg-logrotator/app/schedule/clean_log.js
2021-11-02 23:10:02,218 INFO 16123 [egg-schedule]: register schedule /Users/lee/code/egg-ts/node_modules/egg-logrotator/app/schedule/rotate_by_file.js
2021-11-02 23:11:09,986 INFO 16157 [egg-schedule]: register schedule /Users/lee/code/egg-ts/node_modules/egg-multipart/app/schedule/clean_tmpdir.js
2021-11-02 23:11:09,986 INFO 16157 [egg-schedule]: register schedule /Users/lee/code/egg-ts/node_modules/egg-logrotator/app/schedule/clean_log.js
2021-11-02 23:11:09,986 INFO 16157 [egg-schedule]: register schedule /Users/lee/code/egg-ts/node_modules/egg-logrotator/app/schedule/rotate_by_file.js
2021-11-02 23:11:59,846 INFO 16181 [egg-schedule]: register schedule /Users/lee/code/egg-ts/node_modules/egg-multipart/app/schedule/clean_tmpdir.js
2021-11-02 23:11:59,846 INFO 16181 [egg-schedule]: register schedule /Users/lee/code/egg-ts/node_modules/egg-logrotator/app/schedule/clean_log.js
2021-11-02 23:11:59,846 INFO 16181 [egg-schedule]: register schedule /Users/lee/code/egg-ts/node_modules/egg-logrotator/app/schedule/rotate_by_file.js
2021-11-02 23:12:09,481 INFO 16204 [egg-schedule]: register schedule /Users/lee/code/egg-ts/node_modules/egg-multipart/app/schedule/clean_tmpdir.js
2021-11-02 23:12:09,481 INFO 16204 [egg-schedule]: register schedule /Users/lee/code/egg-ts/node_modules/egg-logrotator/app/schedule/clean_log.js
2021-11-02 23:12:09,481 INFO 16204 [egg-schedule]: register schedule /Users/lee/code/egg-ts/node_modules/egg-logrotator/app/schedule/rotate_by_file.js
2021-11-02 23:12:20,030 INFO 16225 [egg-schedule]: register schedule /Users/lee/code/egg-ts/node_modules/egg-multipart/app/schedule/clean_tmpdir.js
2021-11-02 23:12:20,030 INFO 16225 [egg-schedule]: register schedule /Users/lee/code/egg-ts/node_modules/egg-logrotator/app/schedule/clean_log.js
2021-11-02 23:12:20,030 INFO 16225 [egg-schedule]: register schedule /Users/lee/code/egg-ts/node_modules/egg-logrotator/app/schedule/rotate_by_file.js
2021-11-02 23:21:37,860 INFO 16978 [Timer] /Users/lee/code/egg-ts/node_modules/egg-multipart/app/schedule/clean_tmpdir.js next time will execute after 18502142ms at 2021-11-03 04:30:00.002
2021-11-02 23:21:37,860 INFO 16978 [Timer] /Users/lee/code/egg-ts/node_modules/egg-logrotator/app/schedule/clean_log.js next time will execute after 2302140ms at 2021-11-03 00:00:00.000
2021-11-02 23:21:37,860 INFO 16978 [Timer] /Users/lee/code/egg-ts/node_modules/egg-logrotator/app/schedule/rotate_by_file.js next time will execute after 2303140ms at 2021-11-03 00:00:01.000
2021-11-02 23:21:37,763 INFO 16990 [egg-schedule]: register schedule /Users/lee/code/egg-ts/node_modules/egg-multipart/app/schedule/clean_tmpdir.js
2021-11-02 23:21:37,763 INFO 16990 [egg-schedule]: register schedule /Users/lee/code/egg-ts/node_modules/egg-logrotator/app/schedule/clean_log.js
2021-11-02 23:21:37,763 INFO 16990 [egg-schedule]: register schedule /Users/lee/code/egg-ts/node_modules/egg-logrotator/app/schedule/rotate_by_file.js
2021-11-02 23:22:03,167 INFO 17022 [egg-schedule]: register schedule /Users/lee/code/egg-ts/node_modules/egg-multipart/app/schedule/clean_tmpdir.js
2021-11-02 23:22:03,167 INFO 17022 [egg-schedule]: register schedule /Users/lee/code/egg-ts/node_modules/egg-logrotator/app/schedule/clean_log.js
2021-11-02 23:22:03,167 INFO 17022 [egg-schedule]: register schedule /Users/lee/code/egg-ts/node_modules/egg-logrotator/app/schedule/rotate_by_file.js
2021-11-02 23:23:16,396 INFO 17054 [egg-schedule]: register schedule /Users/lee/code/egg-ts/node_modules/egg-multipart/app/schedule/clean_tmpdir.js
2021-11-02 23:23:16,396 INFO 17054 [egg-schedule]: register schedule /Users/lee/code/egg-ts/node_modules/egg-logrotator/app/schedule/clean_log.js
2021-11-02 23:23:16,396 INFO 17054 [egg-schedule]: register schedule /Users/lee/code/egg-ts/node_modules/egg-logrotator/app/schedule/rotate_by_file.js
2021-11-02 23:24:19,074 INFO 17096 [egg-schedule]: register schedule /Users/lee/code/egg-ts/node_modules/egg-multipart/app/schedule/clean_tmpdir.js
2021-11-02 23:24:19,074 INFO 17096 [egg-schedule]: register schedule /Users/lee/code/egg-ts/node_modules/egg-logrotator/app/schedule/clean_log.js
2021-11-02 23:24:19,074 INFO 17096 [egg-schedule]: register schedule /Users/lee/code/egg-ts/node_modules/egg-logrotator/app/schedule/rotate_by_file.js
2021-11-02 23:27:53,118 INFO 17405 [egg-schedule]: register schedule /Users/lee/code/egg-ts/node_modules/egg-multipart/app/schedule/clean_tmpdir.js
2021-11-02 23:27:53,118 INFO 17405 [egg-schedule]: register schedule /Users/lee/code/egg-ts/node_modules/egg-logrotator/app/schedule/clean_log.js
2021-11-02 23:27:53,118 INFO 17405 [egg-schedule]: register schedule /Users/lee/code/egg-ts/node_modules/egg-logrotator/app/schedule/rotate_by_file.js
2021-11-02 23:29:47,022 INFO 17548 [egg-schedule]: register schedule /Users/lee/code/egg-ts/node_modules/egg-multipart/app/schedule/clean_tmpdir.js
2021-11-02 23:29:47,022 INFO 17548 [egg-schedule]: register schedule /Users/lee/code/egg-ts/node_modules/egg-logrotator/app/schedule/clean_log.js
2021-11-02 23:29:47,022 INFO 17548 [egg-schedule]: register schedule /Users/lee/code/egg-ts/node_modules/egg-logrotator/app/schedule/rotate_by_file.js
2021-11-02 23:29:54,535 INFO 17613 [Timer] /Users/lee/code/egg-ts/node_modules/egg-multipart/app/schedule/clean_tmpdir.js next time will execute after 18005467ms at 2021-11-03 04:30:00.002
2021-11-02 23:29:54,535 INFO 17613 [Timer] /Users/lee/code/egg-ts/node_modules/egg-logrotator/app/schedule/clean_log.js next time will execute after 1805465ms at 2021-11-03 00:00:00.000
2021-11-02 23:29:54,535 INFO 17613 [Timer] /Users/lee/code/egg-ts/node_modules/egg-logrotator/app/schedule/rotate_by_file.js next time will execute after 1806465ms at 2021-11-03 00:00:01.000
2021-11-02 23:29:54,395 INFO 17614 [egg-schedule]: register schedule /Users/lee/code/egg-ts/node_modules/egg-multipart/app/schedule/clean_tmpdir.js
2021-11-02 23:29:54,395 INFO 17614 [egg-schedule]: register schedule /Users/lee/code/egg-ts/node_modules/egg-logrotator/app/schedule/clean_log.js
2021-11-02 23:29:54,395 INFO 17614 [egg-schedule]: register schedule /Users/lee/code/egg-ts/node_modules/egg-logrotator/app/schedule/rotate_by_file.js
2021-11-02 23:39:20,079 INFO 18168 [egg-schedule]: register schedule /Users/lee/code/egg-ts/node_modules/egg-multipart/app/schedule/clean_tmpdir.js
2021-11-02 23:39:20,079 INFO 18168 [egg-schedule]: register schedule /Users/lee/code/egg-ts/node_modules/egg-logrotator/app/schedule/clean_log.js
2021-11-02 23:39:20,079 INFO 18168 [egg-schedule]: register schedule /Users/lee/code/egg-ts/node_modules/egg-logrotator/app/schedule/rotate_by_file.js
2021-11-02 23:39:21,472 INFO 18167 [Timer] /Users/lee/code/egg-ts/node_modules/egg-multipart/app/schedule/clean_tmpdir.js next time will execute after 17438529ms at 2021-11-03 04:30:00.001
2021-11-02 23:39:21,472 INFO 18167 [Timer] /Users/lee/code/egg-ts/node_modules/egg-logrotator/app/schedule/clean_log.js next time will execute after 1238528ms at 2021-11-03 00:00:00.000
2021-11-02 23:39:21,472 INFO 18167 [Timer] /Users/lee/code/egg-ts/node_modules/egg-logrotator/app/schedule/rotate_by_file.js next time will execute after 1239528ms at 2021-11-03 00:00:01.000
2021-11-03 10:03:49,686 INFO 19254 [egg-schedule]: register schedule /Users/lee/code/egg-ts/node_modules/egg-multipart/app/schedule/clean_tmpdir.js
2021-11-03 10:03:49,686 INFO 19254 [egg-schedule]: register schedule /Users/lee/code/egg-ts/node_modules/egg-logrotator/app/schedule/clean_log.js
2021-11-03 10:03:49,686 INFO 19254 [egg-schedule]: register schedule /Users/lee/code/egg-ts/node_modules/egg-logrotator/app/schedule/rotate_by_file.js
2021-11-03 10:03:53,143 INFO 19244 [Timer] /Users/lee/code/egg-ts/node_modules/egg-multipart/app/schedule/clean_tmpdir.js next time will execute after 66366859ms at 2021-11-04 04:30:00.002
2021-11-03 10:03:53,143 INFO 19244 [Timer] /Users/lee/code/egg-ts/node_modules/egg-logrotator/app/schedule/clean_log.js next time will execute after 50166857ms at 2021-11-04 00:00:00.000
2021-11-03 10:03:53,143 INFO 19244 [Timer] /Users/lee/code/egg-ts/node_modules/egg-logrotator/app/schedule/rotate_by_file.js next time will execute after 50167857ms at 2021-11-04 00:00:01.000
2021-11-03 10:11:05,607 INFO 19382 [egg-schedule]: register schedule /Users/lee/code/egg-ts/node_modules/egg-multipart/app/schedule/clean_tmpdir.js
2021-11-03 10:11:05,607 INFO 19382 [egg-schedule]: register schedule /Users/lee/code/egg-ts/node_modules/egg-logrotator/app/schedule/clean_log.js
2021-11-03 10:11:05,607 INFO 19382 [egg-schedule]: register schedule /Users/lee/code/egg-ts/node_modules/egg-logrotator/app/schedule/rotate_by_file.js
2021-11-03 10:11:19,809 INFO 19464 [Timer] /Users/lee/code/egg-ts/node_modules/egg-multipart/app/schedule/clean_tmpdir.js next time will execute after 65920192ms at 2021-11-04 04:30:00.001
2021-11-03 10:11:19,810 INFO 19464 [Timer] /Users/lee/code/egg-ts/node_modules/egg-logrotator/app/schedule/clean_log.js next time will execute after 49720191ms at 2021-11-04 00:00:00.001
2021-11-03 10:11:19,810 INFO 19464 [Timer] /Users/lee/code/egg-ts/node_modules/egg-logrotator/app/schedule/rotate_by_file.js next time will execute after 49721190ms at 2021-11-04 00:00:01.000
2021-11-03 10:11:19,670 INFO 19465 [egg-schedule]: register schedule /Users/lee/code/egg-ts/node_modules/egg-multipart/app/schedule/clean_tmpdir.js
2021-11-03 10:11:19,670 INFO 19465 [egg-schedule]: register schedule /Users/lee/code/egg-ts/node_modules/egg-logrotator/app/schedule/clean_log.js
2021-11-03 10:11:19,670 INFO 19465 [egg-schedule]: register schedule /Users/lee/code/egg-ts/node_modules/egg-logrotator/app/schedule/rotate_by_file.js
2021-11-03 10:12:33,420 INFO 19486 [egg-schedule]: register schedule /Users/lee/code/egg-ts/node_modules/egg-multipart/app/schedule/clean_tmpdir.js
2021-11-03 10:12:33,420 INFO 19486 [egg-schedule]: register schedule /Users/lee/code/egg-ts/node_modules/egg-logrotator/app/schedule/clean_log.js
2021-11-03 10:12:33,420 INFO 19486 [egg-schedule]: register schedule /Users/lee/code/egg-ts/node_modules/egg-logrotator/app/schedule/rotate_by_file.js
2021-11-03 10:12:48,949 INFO 19509 [egg-schedule]: register schedule /Users/lee/code/egg-ts/node_modules/egg-multipart/app/schedule/clean_tmpdir.js
2021-11-03 10:12:48,949 INFO 19509 [egg-schedule]: register schedule /Users/lee/code/egg-ts/node_modules/egg-logrotator/app/schedule/clean_log.js
2021-11-03 10:12:48,949 INFO 19509 [egg-schedule]: register schedule /Users/lee/code/egg-ts/node_modules/egg-logrotator/app/schedule/rotate_by_file.js
2021-11-03 10:12:55,660 INFO 19527 [egg-schedule]: register schedule /Users/lee/code/egg-ts/node_modules/egg-multipart/app/schedule/clean_tmpdir.js
2021-11-03 10:12:55,661 INFO 19527 [egg-schedule]: register schedule /Users/lee/code/egg-ts/node_modules/egg-logrotator/app/schedule/clean_log.js
2021-11-03 10:12:55,661 INFO 19527 [egg-schedule]: register schedule /Users/lee/code/egg-ts/node_modules/egg-logrotator/app/schedule/rotate_by_file.js
2021-11-03 10:13:12,529 INFO 19538 [egg-schedule]: register schedule /Users/lee/code/egg-ts/node_modules/egg-multipart/app/schedule/clean_tmpdir.js
2021-11-03 10:13:12,529 INFO 19538 [egg-schedule]: register schedule /Users/lee/code/egg-ts/node_modules/egg-logrotator/app/schedule/clean_log.js
2021-11-03 10:13:12,529 INFO 19538 [egg-schedule]: register schedule /Users/lee/code/egg-ts/node_modules/egg-logrotator/app/schedule/rotate_by_file.js
2021-11-03 10:13:14,527 INFO 19549 [egg-schedule]: register schedule /Users/lee/code/egg-ts/node_modules/egg-multipart/app/schedule/clean_tmpdir.js
2021-11-03 10:13:14,527 INFO 19549 [egg-schedule]: register schedule /Users/lee/code/egg-ts/node_modules/egg-logrotator/app/schedule/clean_log.js
2021-11-03 10:13:14,527 INFO 19549 [egg-schedule]: register schedule /Users/lee/code/egg-ts/node_modules/egg-logrotator/app/schedule/rotate_by_file.js
2021-11-03 10:18:38,554 INFO 19713 [egg-schedule]: register schedule /Users/lee/code/egg-ts/node_modules/egg-multipart/app/schedule/clean_tmpdir.js
2021-11-03 10:18:38,554 INFO 19713 [egg-schedule]: register schedule /Users/lee/code/egg-ts/node_modules/egg-logrotator/app/schedule/clean_log.js
2021-11-03 10:18:38,554 INFO 19713 [egg-schedule]: register schedule /Users/lee/code/egg-ts/node_modules/egg-logrotator/app/schedule/rotate_by_file.js
2021-11-03 10:21:31,607 INFO 19756 [egg-schedule]: register schedule /Users/lee/code/egg-ts/node_modules/egg-multipart/app/schedule/clean_tmpdir.js
2021-11-03 10:21:31,607 INFO 19756 [egg-schedule]: register schedule /Users/lee/code/egg-ts/node_modules/egg-logrotator/app/schedule/clean_log.js
2021-11-03 10:21:31,607 INFO 19756 [egg-schedule]: register schedule /Users/lee/code/egg-ts/node_modules/egg-logrotator/app/schedule/rotate_by_file.js
2021-11-03 10:22:20,751 INFO 19798 [egg-schedule]: register schedule /Users/lee/code/egg-ts/node_modules/egg-multipart/app/schedule/clean_tmpdir.js
2021-11-03 10:22:20,751 INFO 19798 [egg-schedule]: register schedule /Users/lee/code/egg-ts/node_modules/egg-logrotator/app/schedule/clean_log.js
2021-11-03 10:22:20,751 INFO 19798 [egg-schedule]: register schedule /Users/lee/code/egg-ts/node_modules/egg-logrotator/app/schedule/rotate_by_file.js
2021-11-03 10:30:00,305 INFO 19884 [egg-schedule]: register schedule /Users/lee/code/egg-ts/node_modules/egg-multipart/app/schedule/clean_tmpdir.js
2021-11-03 10:30:00,305 INFO 19884 [egg-schedule]: register schedule /Users/lee/code/egg-ts/node_modules/egg-logrotator/app/schedule/clean_log.js
2021-11-03 10:30:00,305 INFO 19884 [egg-schedule]: register schedule /Users/lee/code/egg-ts/node_modules/egg-logrotator/app/schedule/rotate_by_file.js
2021-11-03 10:30:01,684 INFO 19889 [egg-schedule]: register schedule /Users/lee/code/egg-ts/node_modules/egg-multipart/app/schedule/clean_tmpdir.js
2021-11-03 10:30:01,684 INFO 19889 [egg-schedule]: register schedule /Users/lee/code/egg-ts/node_modules/egg-logrotator/app/schedule/clean_log.js
2021-11-03 10:30:01,684 INFO 19889 [egg-schedule]: register schedule /Users/lee/code/egg-ts/node_modules/egg-logrotator/app/schedule/rotate_by_file.js
2021-11-03 10:39:41,576 INFO 1102 [egg-schedule]: register schedule /Users/lee/code/egg-ts/node_modules/egg-multipart/app/schedule/clean_tmpdir.js
2021-11-03 10:39:41,576 INFO 1102 [egg-schedule]: register schedule /Users/lee/code/egg-ts/node_modules/egg-logrotator/app/schedule/clean_log.js
2021-11-03 10:39:41,576 INFO 1102 [egg-schedule]: register schedule /Users/lee/code/egg-ts/node_modules/egg-logrotator/app/schedule/rotate_by_file.js
2021-11-03 10:39:43,009 INFO 1093 [Timer] /Users/lee/code/egg-ts/node_modules/egg-multipart/app/schedule/clean_tmpdir.js next time will execute after 64216993ms at 2021-11-04 04:30:00.002
2021-11-03 10:39:43,009 INFO 1093 [Timer] /Users/lee/code/egg-ts/node_modules/egg-logrotator/app/schedule/clean_log.js next time will execute after 48016991ms at 2021-11-04 00:00:00.000
2021-11-03 10:39:43,009 INFO 1093 [Timer] /Users/lee/code/egg-ts/node_modules/egg-logrotator/app/schedule/rotate_by_file.js next time will execute after 48017991ms at 2021-11-04 00:00:01.000
2021-11-03 10:41:51,786 INFO 1312 [egg-schedule]: register schedule /Users/lee/code/egg-ts/node_modules/egg-multipart/app/schedule/clean_tmpdir.js
2021-11-03 10:41:51,786 INFO 1312 [egg-schedule]: register schedule /Users/lee/code/egg-ts/node_modules/egg-logrotator/app/schedule/clean_log.js
2021-11-03 10:41:51,786 INFO 1312 [egg-schedule]: register schedule /Users/lee/code/egg-ts/node_modules/egg-logrotator/app/schedule/rotate_by_file.js
2021-11-03 10:44:55,149 INFO 1394 [egg-schedule]: register schedule /Users/lee/code/egg-ts/node_modules/egg-multipart/app/schedule/clean_tmpdir.js
2021-11-03 10:44:55,149 INFO 1394 [egg-schedule]: register schedule /Users/lee/code/egg-ts/node_modules/egg-logrotator/app/schedule/clean_log.js
2021-11-03 10:44:55,149 INFO 1394 [egg-schedule]: register schedule /Users/lee/code/egg-ts/node_modules/egg-logrotator/app/schedule/rotate_by_file.js
2021-11-03 10:45:09,371 INFO 1416 [egg-schedule]: register schedule /Users/lee/code/egg-ts/node_modules/egg-multipart/app/schedule/clean_tmpdir.js
2021-11-03 10:45:09,371 INFO 1416 [egg-schedule]: register schedule /Users/lee/code/egg-ts/node_modules/egg-logrotator/app/schedule/clean_log.js
2021-11-03 10:45:09,371 INFO 1416 [egg-schedule]: register schedule /Users/lee/code/egg-ts/node_modules/egg-logrotator/app/schedule/rotate_by_file.js
2021-11-03 11:01:38,922 INFO 1694 [egg-schedule]: register schedule /Users/lee/code/egg-ts/node_modules/egg-multipart/app/schedule/clean_tmpdir.js
2021-11-03 11:01:38,922 INFO 1694 [egg-schedule]: register schedule /Users/lee/code/egg-ts/node_modules/egg-logrotator/app/schedule/clean_log.js
2021-11-03 11:01:38,922 INFO 1694 [egg-schedule]: register schedule /Users/lee/code/egg-ts/node_modules/egg-logrotator/app/schedule/rotate_by_file.js
2021-11-03 11:01:40,270 INFO 1690 [Timer] /Users/lee/code/egg-ts/node_modules/egg-multipart/app/schedule/clean_tmpdir.js next time will execute after 62899731ms at 2021-11-04 04:30:00.001
2021-11-03 11:01:40,271 INFO 1690 [Timer] /Users/lee/code/egg-ts/node_modules/egg-logrotator/app/schedule/clean_log.js next time will execute after 46699730ms at 2021-11-04 00:00:00.001
2021-11-03 11:01:40,271 INFO 1690 [Timer] /Users/lee/code/egg-ts/node_modules/egg-logrotator/app/schedule/rotate_by_file.js next time will execute after 46700729ms at 2021-11-04 00:00:01.000
2021-11-03 11:03:37,720 INFO 1745 [egg-schedule]: register schedule /Users/lee/code/egg-ts/node_modules/egg-multipart/app/schedule/clean_tmpdir.js
2021-11-03 11:03:37,720 INFO 1745 [egg-schedule]: register schedule /Users/lee/code/egg-ts/node_modules/egg-logrotator/app/schedule/clean_log.js
2021-11-03 11:03:37,720 INFO 1745 [egg-schedule]: register schedule /Users/lee/code/egg-ts/node_modules/egg-logrotator/app/schedule/rotate_by_file.js
2021-11-03 11:08:53,165 INFO 1841 [egg-schedule]: register schedule /Users/lee/code/egg-ts/node_modules/egg-multipart/app/schedule/clean_tmpdir.js
2021-11-03 11:08:53,165 INFO 1841 [egg-schedule]: register schedule /Users/lee/code/egg-ts/node_modules/egg-logrotator/app/schedule/clean_log.js
2021-11-03 11:08:53,165 INFO 1841 [egg-schedule]: register schedule /Users/lee/code/egg-ts/node_modules/egg-logrotator/app/schedule/rotate_by_file.js
2021-11-03 11:08:57,597 INFO 1860 [egg-schedule]: register schedule /Users/lee/code/egg-ts/node_modules/egg-multipart/app/schedule/clean_tmpdir.js
2021-11-03 11:08:57,597 INFO 1860 [egg-schedule]: register schedule /Users/lee/code/egg-ts/node_modules/egg-logrotator/app/schedule/clean_log.js
2021-11-03 11:08:57,597 INFO 1860 [egg-schedule]: register schedule /Users/lee/code/egg-ts/node_modules/egg-logrotator/app/schedule/rotate_by_file.js
2021-11-03 11:09:57,057 INFO 1893 [egg-schedule]: register schedule /Users/lee/code/egg-ts/node_modules/egg-multipart/app/schedule/clean_tmpdir.js
2021-11-03 11:09:57,057 INFO 1893 [egg-schedule]: register schedule /Users/lee/code/egg-ts/node_modules/egg-logrotator/app/schedule/clean_log.js
2021-11-03 11:09:57,057 INFO 1893 [egg-schedule]: register schedule /Users/lee/code/egg-ts/node_modules/egg-logrotator/app/schedule/rotate_by_file.js
2021-11-03 11:09:59,106 INFO 1899 [egg-schedule]: register schedule /Users/lee/code/egg-ts/node_modules/egg-multipart/app/schedule/clean_tmpdir.js
2021-11-03 11:09:59,106 INFO 1899 [egg-schedule]: register schedule /Users/lee/code/egg-ts/node_modules/egg-logrotator/app/schedule/clean_log.js
2021-11-03 11:09:59,106 INFO 1899 [egg-schedule]: register schedule /Users/lee/code/egg-ts/node_modules/egg-logrotator/app/schedule/rotate_by_file.js
2021-11-03 11:10:28,555 INFO 1917 [egg-schedule]: register schedule /Users/lee/code/egg-ts/node_modules/egg-multipart/app/schedule/clean_tmpdir.js
2021-11-03 11:10:28,555 INFO 1917 [egg-schedule]: register schedule /Users/lee/code/egg-ts/node_modules/egg-logrotator/app/schedule/clean_log.js
2021-11-03 11:10:28,555 INFO 1917 [egg-schedule]: register schedule /Users/lee/code/egg-ts/node_modules/egg-logrotator/app/schedule/rotate_by_file.js
2021-11-03 11:10:54,804 INFO 1935 [egg-schedule]: register schedule /Users/lee/code/egg-ts/node_modules/egg-multipart/app/schedule/clean_tmpdir.js
2021-11-03 11:10:54,804 INFO 1935 [egg-schedule]: register schedule /Users/lee/code/egg-ts/node_modules/egg-logrotator/app/schedule/clean_log.js
2021-11-03 11:10:54,804 INFO 1935 [egg-schedule]: register schedule /Users/lee/code/egg-ts/node_modules/egg-logrotator/app/schedule/rotate_by_file.js
2021-11-03 17:44:23,502 INFO 8483 [egg-schedule]: register schedule /Users/lee/code/egg-ts/node_modules/egg-multipart/app/schedule/clean_tmpdir.js
2021-11-03 17:44:23,502 INFO 8483 [egg-schedule]: register schedule /Users/lee/code/egg-ts/node_modules/egg-logrotator/app/schedule/clean_log.js
2021-11-03 17:44:23,502 INFO 8483 [egg-schedule]: register schedule /Users/lee/code/egg-ts/node_modules/egg-logrotator/app/schedule/rotate_by_file.js
2021-11-03 17:44:23,852 INFO 8482 [Timer] /Users/lee/code/egg-ts/node_modules/egg-multipart/app/schedule/clean_tmpdir.js next time will execute after 38736150ms at 2021-11-04 04:30:00.002
2021-11-03 17:44:23,852 INFO 8482 [Timer] /Users/lee/code/egg-ts/node_modules/egg-logrotator/app/schedule/clean_log.js next time will execute after 22536148ms at 2021-11-04 00:00:00.000
2021-11-03 17:44:23,852 INFO 8482 [Timer] /Users/lee/code/egg-ts/node_modules/egg-logrotator/app/schedule/rotate_by_file.js next time will execute after 22537148ms at 2021-11-04 00:00:01.000
2021-11-03 20:19:05,346 INFO 9646 [egg-schedule]: register schedule /Users/lee/code/egg-ts/node_modules/egg-multipart/app/schedule/clean_tmpdir.js
2021-11-03 20:19:05,346 INFO 9646 [egg-schedule]: register schedule /Users/lee/code/egg-ts/node_modules/egg-logrotator/app/schedule/clean_log.js
2021-11-03 20:19:05,346 INFO 9646 [egg-schedule]: register schedule /Users/lee/code/egg-ts/node_modules/egg-logrotator/app/schedule/rotate_by_file.js
2021-11-03 20:20:39,379 INFO 9982 [Timer] /Users/lee/code/egg-ts/node_modules/egg-multipart/app/schedule/clean_tmpdir.js next time will execute after 29360623ms at 2021-11-04 04:30:00.002
2021-11-03 20:20:39,379 INFO 9982 [Timer] /Users/lee/code/egg-ts/node_modules/egg-logrotator/app/schedule/clean_log.js next time will execute after 13160621ms at 2021-11-04 00:00:00.000
2021-11-03 20:20:39,379 INFO 9982 [Timer] /Users/lee/code/egg-ts/node_modules/egg-logrotator/app/schedule/rotate_by_file.js next time will execute after 13161621ms at 2021-11-04 00:00:01.000
2021-11-03 20:20:39,234 INFO 9985 [egg-schedule]: register schedule /Users/lee/code/egg-ts/node_modules/egg-multipart/app/schedule/clean_tmpdir.js
2021-11-03 20:20:39,234 INFO 9985 [egg-schedule]: register schedule /Users/lee/code/egg-ts/node_modules/egg-logrotator/app/schedule/clean_log.js
2021-11-03 20:20:39,234 INFO 9985 [egg-schedule]: register schedule /Users/lee/code/egg-ts/node_modules/egg-logrotator/app/schedule/rotate_by_file.js
2021-11-03 20:22:33,080 INFO 10024 [egg-schedule]: register schedule /Users/lee/code/egg-ts/node_modules/egg-multipart/app/schedule/clean_tmpdir.js
2021-11-03 20:22:33,080 INFO 10024 [egg-schedule]: register schedule /Users/lee/code/egg-ts/node_modules/egg-logrotator/app/schedule/clean_log.js
2021-11-03 20:22:33,080 INFO 10024 [egg-schedule]: register schedule /Users/lee/code/egg-ts/node_modules/egg-logrotator/app/schedule/rotate_by_file.js
2021-11-03 20:22:39,510 INFO 10046 [egg-schedule]: register schedule /Users/lee/code/egg-ts/node_modules/egg-multipart/app/schedule/clean_tmpdir.js
2021-11-03 20:22:39,510 INFO 10046 [egg-schedule]: register schedule /Users/lee/code/egg-ts/node_modules/egg-logrotator/app/schedule/clean_log.js
2021-11-03 20:22:39,510 INFO 10046 [egg-schedule]: register schedule /Users/lee/code/egg-ts/node_modules/egg-logrotator/app/schedule/rotate_by_file.js
2021-11-03 20:25:10,067 INFO 10064 [egg-schedule]: register schedule /Users/lee/code/egg-ts/node_modules/egg-multipart/app/schedule/clean_tmpdir.js
2021-11-03 20:25:10,067 INFO 10064 [egg-schedule]: register schedule /Users/lee/code/egg-ts/node_modules/egg-logrotator/app/schedule/clean_log.js
2021-11-03 20:25:10,067 INFO 10064 [egg-schedule]: register schedule /Users/lee/code/egg-ts/node_modules/egg-logrotator/app/schedule/rotate_by_file.js
2021-11-03 20:27:43,112 INFO 10090 [egg-schedule]: register schedule /Users/lee/code/egg-ts/node_modules/egg-multipart/app/schedule/clean_tmpdir.js
2021-11-03 20:27:43,112 INFO 10090 [egg-schedule]: register schedule /Users/lee/code/egg-ts/node_modules/egg-logrotator/app/schedule/clean_log.js
2021-11-03 20:27:43,112 INFO 10090 [egg-schedule]: register schedule /Users/lee/code/egg-ts/node_modules/egg-logrotator/app/schedule/rotate_by_file.js
2021-11-03 20:27:45,096 INFO 10101 [egg-schedule]: register schedule /Users/lee/code/egg-ts/node_modules/egg-multipart/app/schedule/clean_tmpdir.js
2021-11-03 20:27:45,096 INFO 10101 [egg-schedule]: register schedule /Users/lee/code/egg-ts/node_modules/egg-logrotator/app/schedule/clean_log.js
2021-11-03 20:27:45,096 INFO 10101 [egg-schedule]: register schedule /Users/lee/code/egg-ts/node_modules/egg-logrotator/app/schedule/rotate_by_file.js
2021-11-03 20:31:09,474 INFO 10132 [egg-schedule]: register schedule /Users/lee/code/egg-ts/node_modules/egg-multipart/app/schedule/clean_tmpdir.js
2021-11-03 20:31:09,474 INFO 10132 [egg-schedule]: register schedule /Users/lee/code/egg-ts/node_modules/egg-logrotator/app/schedule/clean_log.js
2021-11-03 20:31:09,474 INFO 10132 [egg-schedule]: register schedule /Users/lee/code/egg-ts/node_modules/egg-logrotator/app/schedule/rotate_by_file.js
2021-11-03 20:31:38,918 INFO 10156 [egg-schedule]: register schedule /Users/lee/code/egg-ts/node_modules/egg-multipart/app/schedule/clean_tmpdir.js
2021-11-03 20:31:38,918 INFO 10156 [egg-schedule]: register schedule /Users/lee/code/egg-ts/node_modules/egg-logrotator/app/schedule/clean_log.js
2021-11-03 20:31:38,918 INFO 10156 [egg-schedule]: register schedule /Users/lee/code/egg-ts/node_modules/egg-logrotator/app/schedule/rotate_by_file.js
2021-11-03 20:31:42,140 INFO 10168 [egg-schedule]: register schedule /Users/lee/code/egg-ts/node_modules/egg-multipart/app/schedule/clean_tmpdir.js
2021-11-03 20:31:42,140 INFO 10168 [egg-schedule]: register schedule /Users/lee/code/egg-ts/node_modules/egg-logrotator/app/schedule/clean_log.js
2021-11-03 20:31:42,140 INFO 10168 [egg-schedule]: register schedule /Users/lee/code/egg-ts/node_modules/egg-logrotator/app/schedule/rotate_by_file.js
2021-11-03 20:32:39,307 INFO 10181 [egg-schedule]: register schedule /Users/lee/code/egg-ts/node_modules/egg-multipart/app/schedule/clean_tmpdir.js
2021-11-03 20:32:39,307 INFO 10181 [egg-schedule]: register schedule /Users/lee/code/egg-ts/node_modules/egg-logrotator/app/schedule/clean_log.js
2021-11-03 20:32:39,307 INFO 10181 [egg-schedule]: register schedule /Users/lee/code/egg-ts/node_modules/egg-logrotator/app/schedule/rotate_by_file.js
2021-11-03 20:33:05,728 INFO 10204 [egg-schedule]: register schedule /Users/lee/code/egg-ts/node_modules/egg-multipart/app/schedule/clean_tmpdir.js
2021-11-03 20:33:05,728 INFO 10204 [egg-schedule]: register schedule /Users/lee/code/egg-ts/node_modules/egg-logrotator/app/schedule/clean_log.js
2021-11-03 20:33:05,728 INFO 10204 [egg-schedule]: register schedule /Users/lee/code/egg-ts/node_modules/egg-logrotator/app/schedule/rotate_by_file.js
2021-11-03 20:33:18,717 INFO 10228 [egg-schedule]: register schedule /Users/lee/code/egg-ts/node_modules/egg-multipart/app/schedule/clean_tmpdir.js
2021-11-03 20:33:18,717 INFO 10228 [egg-schedule]: register schedule /Users/lee/code/egg-ts/node_modules/egg-logrotator/app/schedule/clean_log.js
2021-11-03 20:33:18,717 INFO 10228 [egg-schedule]: register schedule /Users/lee/code/egg-ts/node_modules/egg-logrotator/app/schedule/rotate_by_file.js
2021-11-03 20:35:15,402 INFO 10251 [egg-schedule]: register schedule /Users/lee/code/egg-ts/node_modules/egg-multipart/app/schedule/clean_tmpdir.js
2021-11-03 20:35:15,402 INFO 10251 [egg-schedule]: register schedule /Users/lee/code/egg-ts/node_modules/egg-logrotator/app/schedule/clean_log.js
2021-11-03 20:35:15,402 INFO 10251 [egg-schedule]: register schedule /Users/lee/code/egg-ts/node_modules/egg-logrotator/app/schedule/rotate_by_file.js
2021-11-03 20:35:43,955 INFO 10274 [egg-schedule]: register schedule /Users/lee/code/egg-ts/node_modules/egg-multipart/app/schedule/clean_tmpdir.js
2021-11-03 20:35:43,955 INFO 10274 [egg-schedule]: register schedule /Users/lee/code/egg-ts/node_modules/egg-logrotator/app/schedule/clean_log.js
2021-11-03 20:35:43,955 INFO 10274 [egg-schedule]: register schedule /Users/lee/code/egg-ts/node_modules/egg-logrotator/app/schedule/rotate_by_file.js
2021-11-03 20:35:45,953 INFO 10285 [egg-schedule]: register schedule /Users/lee/code/egg-ts/node_modules/egg-multipart/app/schedule/clean_tmpdir.js
2021-11-03 20:35:45,953 INFO 10285 [egg-schedule]: register schedule /Users/lee/code/egg-ts/node_modules/egg-logrotator/app/schedule/clean_log.js
2021-11-03 20:35:45,953 INFO 10285 [egg-schedule]: register schedule /Users/lee/code/egg-ts/node_modules/egg-logrotator/app/schedule/rotate_by_file.js
2021-11-03 20:35:49,559 INFO 10286 [egg-schedule]: register schedule /Users/lee/code/egg-ts/node_modules/egg-multipart/app/schedule/clean_tmpdir.js
2021-11-03 20:35:49,559 INFO 10286 [egg-schedule]: register schedule /Users/lee/code/egg-ts/node_modules/egg-logrotator/app/schedule/clean_log.js
2021-11-03 20:35:49,559 INFO 10286 [egg-schedule]: register schedule /Users/lee/code/egg-ts/node_modules/egg-logrotator/app/schedule/rotate_by_file.js
2021-11-03 20:36:16,333 INFO 10308 [egg-schedule]: register schedule /Users/lee/code/egg-ts/node_modules/egg-multipart/app/schedule/clean_tmpdir.js
2021-11-03 20:36:16,333 INFO 10308 [egg-schedule]: register schedule /Users/lee/code/egg-ts/node_modules/egg-logrotator/app/schedule/clean_log.js
2021-11-03 20:36:16,333 INFO 10308 [egg-schedule]: register schedule /Users/lee/code/egg-ts/node_modules/egg-logrotator/app/schedule/rotate_by_file.js
2021-11-03 20:37:23,634 INFO 10349 [egg-schedule]: register schedule /Users/lee/code/egg-ts/node_modules/egg-multipart/app/schedule/clean_tmpdir.js
2021-11-03 20:37:23,634 INFO 10349 [egg-schedule]: register schedule /Users/lee/code/egg-ts/node_modules/egg-logrotator/app/schedule/clean_log.js
2021-11-03 20:37:23,634 INFO 10349 [egg-schedule]: register schedule /Users/lee/code/egg-ts/node_modules/egg-logrotator/app/schedule/rotate_by_file.js
2021-11-03 20:37:37,984 INFO 10370 [egg-schedule]: register schedule /Users/lee/code/egg-ts/node_modules/egg-multipart/app/schedule/clean_tmpdir.js
2021-11-03 20:37:37,984 INFO 10370 [egg-schedule]: register schedule /Users/lee/code/egg-ts/node_modules/egg-logrotator/app/schedule/clean_log.js
2021-11-03 20:37:37,984 INFO 10370 [egg-schedule]: register schedule /Users/lee/code/egg-ts/node_modules/egg-logrotator/app/schedule/rotate_by_file.js
2021-11-03 20:38:11,090 INFO 10383 [egg-schedule]: register schedule /Users/lee/code/egg-ts/node_modules/egg-multipart/app/schedule/clean_tmpdir.js
2021-11-03 20:38:11,090 INFO 10383 [egg-schedule]: register schedule /Users/lee/code/egg-ts/node_modules/egg-logrotator/app/schedule/clean_log.js
2021-11-03 20:38:11,090 INFO 10383 [egg-schedule]: register schedule /Users/lee/code/egg-ts/node_modules/egg-logrotator/app/schedule/rotate_by_file.js
2021-11-03 20:40:53,650 INFO 10420 [egg-schedule]: register schedule /Users/lee/code/egg-ts/node_modules/egg-multipart/app/schedule/clean_tmpdir.js
2021-11-03 20:40:53,650 INFO 10420 [egg-schedule]: register schedule /Users/lee/code/egg-ts/node_modules/egg-logrotator/app/schedule/clean_log.js
2021-11-03 20:40:53,650 INFO 10420 [egg-schedule]: register schedule /Users/lee/code/egg-ts/node_modules/egg-logrotator/app/schedule/rotate_by_file.js
2021-11-03 20:42:04,665 INFO 10461 [egg-schedule]: register schedule /Users/lee/code/egg-ts/node_modules/egg-multipart/app/schedule/clean_tmpdir.js
2021-11-03 20:42:04,665 INFO 10461 [egg-schedule]: register schedule /Users/lee/code/egg-ts/node_modules/egg-logrotator/app/schedule/clean_log.js
2021-11-03 20:42:04,665 INFO 10461 [egg-schedule]: register schedule /Users/lee/code/egg-ts/node_modules/egg-logrotator/app/schedule/rotate_by_file.js
2021-11-03 20:55:40,656 INFO 11145 [egg-schedule]: register schedule /Users/lee/code/egg-ts/node_modules/egg-multipart/app/schedule/clean_tmpdir.js
2021-11-03 20:55:40,656 INFO 11145 [egg-schedule]: register schedule /Users/lee/code/egg-ts/node_modules/egg-logrotator/app/schedule/clean_log.js
2021-11-03 20:55:40,656 INFO 11145 [egg-schedule]: register schedule /Users/lee/code/egg-ts/node_modules/egg-logrotator/app/schedule/rotate_by_file.js
2021-11-03 20:55:42,053 INFO 11141 [Timer] /Users/lee/code/egg-ts/node_modules/egg-multipart/app/schedule/clean_tmpdir.js next time will execute after 27257948ms at 2021-11-04 04:30:00.001
2021-11-03 20:55:42,053 INFO 11141 [Timer] /Users/lee/code/egg-ts/node_modules/egg-logrotator/app/schedule/clean_log.js next time will execute after 11057947ms at 2021-11-04 00:00:00.000
2021-11-03 20:55:42,053 INFO 11141 [Timer] /Users/lee/code/egg-ts/node_modules/egg-logrotator/app/schedule/rotate_by_file.js next time will execute after 11058947ms at 2021-11-04 00:00:01.000
2021-11-03 21:00:03,839 INFO 11467 [egg-schedule]: register schedule /Users/lee/code/egg-ts/node_modules/egg-multipart/app/schedule/clean_tmpdir.js
2021-11-03 21:00:03,839 INFO 11467 [egg-schedule]: register schedule /Users/lee/code/egg-ts/node_modules/egg-logrotator/app/schedule/clean_log.js
2021-11-03 21:00:03,839 INFO 11467 [egg-schedule]: register schedule /Users/lee/code/egg-ts/node_modules/egg-logrotator/app/schedule/rotate_by_file.js
2021-11-03 21:00:05,282 INFO 11466 [Timer] /Users/lee/code/egg-ts/node_modules/egg-multipart/app/schedule/clean_tmpdir.js next time will execute after 26994719ms at 2021-11-04 04:30:00.001
2021-11-03 21:00:05,282 INFO 11466 [Timer] /Users/lee/code/egg-ts/node_modules/egg-logrotator/app/schedule/clean_log.js next time will execute after 10794718ms at 2021-11-04 00:00:00.000
2021-11-03 21:00:05,283 INFO 11466 [Timer] /Users/lee/code/egg-ts/node_modules/egg-logrotator/app/schedule/rotate_by_file.js next time will execute after 10795717ms at 2021-11-04 00:00:01.000
2021-11-13 16:19:33,047 INFO 11165 [egg-schedule]: register schedule /Users/lee/code/egg-ts/node_modules/egg-multipart/app/schedule/clean_tmpdir.js
2021-11-13 16:19:33,047 INFO 11165 [egg-schedule]: register schedule /Users/lee/code/egg-ts/node_modules/egg-logrotator/app/schedule/clean_log.js
2021-11-13 16:19:33,047 INFO 11165 [egg-schedule]: register schedule /Users/lee/code/egg-ts/node_modules/egg-logrotator/app/schedule/rotate_by_file.js
2021-11-13 16:19:34,537 INFO 11155 [Timer] /Users/lee/code/egg-ts/node_modules/egg-multipart/app/schedule/clean_tmpdir.js next time will execute after 43825465ms at 2021-11-14 04:30:00.002
2021-11-13 16:19:34,537 INFO 11155 [Timer] /Users/lee/code/egg-ts/node_modules/egg-logrotator/app/schedule/clean_log.js next time will execute after 27625463ms at 2021-11-14 00:00:00.000
2021-11-13 16:19:34,538 INFO 11155 [Timer] /Users/lee/code/egg-ts/node_modules/egg-logrotator/app/schedule/rotate_by_file.js next time will execute after 27626463ms at 2021-11-14 00:00:01.001
2021-11-16 19:27:46,794 INFO 963 [egg-schedule]: register schedule /Users/lee/code/egg-ts/node_modules/egg-multipart/app/schedule/clean_tmpdir.js
2021-11-16 19:27:46,794 INFO 963 [egg-schedule]: register schedule /Users/lee/code/egg-ts/node_modules/egg-logrotator/app/schedule/clean_log.js
2021-11-16 19:27:46,794 INFO 963 [egg-schedule]: register schedule /Users/lee/code/egg-ts/node_modules/egg-logrotator/app/schedule/rotate_by_file.js
2021-11-16 19:27:48,240 INFO 954 [Timer] /Users/lee/code/egg-ts/node_modules/egg-multipart/app/schedule/clean_tmpdir.js next time will execute after 32531761ms at 2021-11-17 04:30:00.001
2021-11-16 19:27:48,241 INFO 954 [Timer] /Users/lee/code/egg-ts/node_modules/egg-logrotator/app/schedule/clean_log.js next time will execute after 16331760ms at 2021-11-17 00:00:00.001
2021-11-16 19:27:48,241 INFO 954 [Timer] /Users/lee/code/egg-ts/node_modules/egg-logrotator/app/schedule/rotate_by_file.js next time will execute after 16332759ms at 2021-11-17 00:00:01.000
